<?xml version="1.0" encoding="UTF-8"?>
<!-- Generated by org.testng.reporters.JUnitReportReporter -->
<testsuite hostname="DESKTOP-RR73ETU" failures="0" tests="1" name="com.rsapractice.basics.LibraryAPIUsingHashMapExcelDataDriven" time="7.875" errors="0" timestamp="2024-04-22T13:40:22 IST" skipped="0">
  <testcase classname="com.rsapractice.basics.LibraryAPIUsingHashMapExcelDataDriven" name="addBookDeleteBook" time="7.875"/>
  <system-out/>
</testsuite> <!-- com.rsapractice.basics.LibraryAPIUsingHashMapExcelDataDriven -->
