<?xml version="1.0" encoding="UTF-8"?>
<!-- Generated by org.testng.reporters.JUnitReportReporter -->
<testsuite hostname="DESKTOP-RR73ETU" failures="0" tests="1" name="com.restassured.practice.requestheaders.DeleteExample" time="14.405" errors="0" timestamp="2024-02-06T02:54:44 IST" skipped="0">
  <testcase classname="com.restassured.practice.requestheaders.DeleteExample" name="automatDeleteUsingBdd" time="14.405"/>
  <system-out/>
</testsuite> <!-- com.restassured.practice.requestheaders.DeleteExample -->
