<?xml version="1.0" encoding="UTF-8"?>
<!-- Generated by org.testng.reporters.JUnitReportReporter -->
<testsuite hostname="DESKTOP-RR73ETU" failures="0" tests="1" name="DataDriveTesting.ExcelDataDriven" time="0.763" errors="0" timestamp="2024-04-18T14:37:43 IST" skipped="0">
  <testcase classname="DataDriveTesting.ExcelDataDriven" name="dataDataExample" time="0.763"/>
  <system-out/>
</testsuite> <!-- DataDriveTesting.ExcelDataDriven -->
