<?xml version="1.0" encoding="UTF-8"?>
<!-- Generated by org.testng.reporters.JUnitReportReporter -->
<testsuite hostname="DESKTOP-RR73ETU" failures="0" tests="1" name="DataDriveTesting.File2" time="1.244" errors="0" timestamp="2024-04-18T14:17:43 IST" skipped="0">
  <testcase classname="DataDriveTesting.File2" name="dataDriven" time="1.244"/>
  <system-out/>
</testsuite> <!-- DataDriveTesting.File2 -->
