<?xml version="1.0" encoding="UTF-8"?>
<!-- Generated by org.testng.reporters.JUnitReportReporter -->
<testsuite hostname="DESKTOP-RR73ETU" failures="0" tests="2" name="com.rsapractice.basics.LibraryAPIPracticeDynamicJson" time="8.231" errors="0" timestamp="2024-04-22T11:19:52 IST" skipped="0">
  <testcase classname="com.rsapractice.basics.LibraryAPIPracticeDynamicJson" name="addBook" time="0.764"/>
  <system-out/>
  <testcase classname="com.rsapractice.basics.LibraryAPIPracticeDynamicJson" name="addBook" time="7.467"/>
  <system-out/>
</testsuite> <!-- com.rsapractice.basics.LibraryAPIPracticeDynamicJson -->
