<?xml version="1.0" encoding="UTF-8"?>
<!-- Generated by org.testng.reporters.JUnitReportReporter -->
<testsuite hostname="DESKTOP-RR73ETU" failures="0" tests="1" name="com.rsapractice.basics.ComplexJson" time="1.573" errors="0" timestamp="2024-04-03T22:32:55 IST" skipped="0">
  <testcase classname="com.rsapractice.basics.ComplexJson" name="complexJson" time="1.573"/>
  <system-out/>
</testsuite> <!-- com.rsapractice.basics.ComplexJson -->
