<?xml version="1.0" encoding="UTF-8"?>
<!-- Generated by org.testng.reporters.JUnitReportReporter -->
<testsuite hostname="DESKTOP-RR73ETU" failures="0" tests="1" name="com.restassured.practice.requestheaders.ObjectMapperxample" time="7.694" errors="0" timestamp="2024-02-15T00:30:57 IST" skipped="0">
  <testcase classname="com.restassured.practice.requestheaders.ObjectMapperxample" name="objctMapperExample" time="7.694"/>
  <system-out/>
</testsuite> <!-- com.restassured.practice.requestheaders.ObjectMapperxample -->
