<?xml version="1.0" encoding="UTF-8"?>
<!-- Generated by org.testng.reporters.JUnitReportReporter -->
<testsuite hostname="DESKTOP-RR73ETU" failures="0" tests="1" name="com.restassured.practice.requestheaders.PostExampleInBDDUsingJsonArray" time="1.484" errors="0" timestamp="2024-02-27T20:30:12 IST" skipped="0">
  <testcase classname="com.restassured.practice.requestheaders.PostExampleInBDDUsingJsonArray" name="vaidatePostReqPayloadUsingArrayList" time="1.484"/>
  <system-out/>
</testsuite> <!-- com.restassured.practice.requestheaders.PostExampleInBDDUsingJsonArray -->
