<?xml version="1.0" encoding="UTF-8"?>
<!-- Generated by org.testng.reporters.JUnitReportReporter -->
<testsuite hostname="DESKTOP-RR73ETU" failures="0" tests="1" name="com.rsapractice.basics.SerializationMapExample" time="2.963" errors="0" timestamp="2024-04-10T11:35:41 IST" skipped="0">
  <testcase classname="com.rsapractice.basics.SerializationMapExample" name="addMap" time="2.963"/>
  <system-out/>
</testsuite> <!-- com.rsapractice.basics.SerializationMapExample -->
