<?xml version="1.0" encoding="UTF-8"?>
<!-- Generated by org.testng.reporters.JUnitReportReporter -->
<testsuite hostname="DESKTOP-RR73ETU" failures="0" tests="1" name="com.rsapractice.basics.AutomatePostMap" time="5.863" errors="0" timestamp="2024-04-04T20:19:42 IST" skipped="0">
  <testcase classname="com.rsapractice.basics.AutomatePostMap" name="postMethodAddMapUsingJsonFile" time="5.863"/>
  <system-out/>
</testsuite> <!-- com.rsapractice.basics.AutomatePostMap -->
