<?xml version="1.0" encoding="UTF-8"?>
<!-- Generated by org.testng.reporters.JUnitReportReporter -->
<testsuite hostname="DESKTOP-RR73ETU" failures="1" tests="1" name="com.restassured.practice.requestheaders.JsonSchemaValidation" time="0.850" errors="0" timestamp="2024-02-27T20:30:12 IST" skipped="0">
  <testcase classname="com.restassured.practice.requestheaders.JsonSchemaValidation" name="jsonSchemaValidationExample" time="0.850">
    <failure message="1 expectation failed.
Response body doesn&#039;t match expectation.
Expected: The content to match the given JSON schema.
warning: the following keywords are unknown and will be ignored: [qt-uri-protocols]
    level: &quot;warning&quot;
    schema: {&quot;loadingURI&quot;:&quot;file:/C:/Users/Windows%2011/eclipse-workspace/Workspace%202/UdemyRestAssured/target/classes/EchoGet.json#&quot;,&quot;pointer&quot;:&quot;/definitions/Welcome2/properties/url&quot;}
    domain: &quot;syntax&quot;
    ignored: [&quot;qt-uri-protocols&quot;]
error: object instance has properties which are not allowed by the schema: [&quot;content-type&quot;,&quot;x-api-key&quot;,&quot;x-mock-match-request-body&quot;]
    level: &quot;error&quot;
    schema: {&quot;loadingURI&quot;:&quot;file:/C:/Users/Windows%2011/eclipse-workspace/Workspace%202/UdemyRestAssured/target/classes/EchoGet.json#&quot;,&quot;pointer&quot;:&quot;/definitions/Headers&quot;}
    instance: {&quot;pointer&quot;:&quot;/headers&quot;}
    domain: &quot;validation&quot;
    keyword: &quot;additionalProperties&quot;
    unwanted: [&quot;content-type&quot;,&quot;x-api-key&quot;,&quot;x-mock-match-request-body&quot;]
warning: the following keywords are unknown and will be ignored: [qt-uri-protocols]
    level: &quot;warning&quot;
    schema: {&quot;loadingURI&quot;:&quot;file:/C:/Users/Windows%2011/eclipse-workspace/Workspace%202/UdemyRestAssured/target/classes/EchoGet.json#&quot;,&quot;pointer&quot;:&quot;/definitions/Welcome2/properties/url&quot;}
    domain: &quot;syntax&quot;
    ignored: [&quot;qt-uri-protocols&quot;]

  Actual: {
  &quot;args&quot;: {},
  &quot;headers&quot;: {
    &quot;x-forwarded-proto&quot;: &quot;https&quot;,
    &quot;x-forwarded-port&quot;: &quot;443&quot;,
    &quot;host&quot;: &quot;postman-echo.com&quot;,
    &quot;x-amzn-trace-id&quot;: &quot;Root=1-65ddf8f2-5c82a2691992d53e59ca55e8&quot;,
    &quot;content-type&quot;: &quot;application/json; charset=utf-8&quot;,
    &quot;x-mock-match-request-body&quot;: &quot;true&quot;,
    &quot;accept&quot;: &quot;*/*&quot;,
    &quot;x-api-key&quot;: &quot;PMAK-659d95664380a40bdd208044-da49c168ef3b7b6f9382a2e5c32f0d2eb2&quot;,
    &quot;user-agent&quot;: &quot;Apache-HttpClient/4.5.13 (Java/17.0.9)&quot;,
    &quot;accept-encoding&quot;: &quot;gzip,deflate&quot;
  },
  &quot;url&quot;: &quot;https://postman-echo.com/get&quot;
}
" type="java.lang.AssertionError">
      <![CDATA[java.lang.AssertionError: 1 expectation failed.
Response body doesn't match expectation.
Expected: The content to match the given JSON schema.
warning: the following keywords are unknown and will be ignored: [qt-uri-protocols]
    level: "warning"
    schema: {"loadingURI":"file:/C:/Users/Windows%2011/eclipse-workspace/Workspace%202/UdemyRestAssured/target/classes/EchoGet.json#","pointer":"/definitions/Welcome2/properties/url"}
    domain: "syntax"
    ignored: ["qt-uri-protocols"]
error: object instance has properties which are not allowed by the schema: ["content-type","x-api-key","x-mock-match-request-body"]
    level: "error"
    schema: {"loadingURI":"file:/C:/Users/Windows%2011/eclipse-workspace/Workspace%202/UdemyRestAssured/target/classes/EchoGet.json#","pointer":"/definitions/Headers"}
    instance: {"pointer":"/headers"}
    domain: "validation"
    keyword: "additionalProperties"
    unwanted: ["content-type","x-api-key","x-mock-match-request-body"]
warning: the following keywords are unknown and will be ignored: [qt-uri-protocols]
    level: "warning"
    schema: {"loadingURI":"file:/C:/Users/Windows%2011/eclipse-workspace/Workspace%202/UdemyRestAssured/target/classes/EchoGet.json#","pointer":"/definitions/Welcome2/properties/url"}
    domain: "syntax"
    ignored: ["qt-uri-protocols"]

  Actual: {
  "args": {},
  "headers": {
    "x-forwarded-proto": "https",
    "x-forwarded-port": "443",
    "host": "postman-echo.com",
    "x-amzn-trace-id": "Root=1-65ddf8f2-5c82a2691992d53e59ca55e8",
    "content-type": "application/json; charset=utf-8",
    "x-mock-match-request-body": "true",
    "accept": "*/*",
    "x-api-key": "PMAK-659d95664380a40bdd208044-da49c168ef3b7b6f9382a2e5c32f0d2eb2",
    "user-agent": "Apache-HttpClient/4.5.13 (Java/17.0.9)",
    "accept-encoding": "gzip,deflate"
  },
  "url": "https://postman-echo.com/get"
}

at java.base/jdk.internal.reflect.NativeConstructorAccessorImpl.newInstance0(Native Method)
at java.base/jdk.internal.reflect.NativeConstructorAccessorImpl.newInstance(NativeConstructorAccessorImpl.java:77)
at java.base/jdk.internal.reflect.DelegatingConstructorAccessorImpl.newInstance(DelegatingConstructorAccessorImpl.java:45)
at java.base/java.lang.reflect.Constructor.newInstanceWithCaller(Constructor.java:499)
at java.base/java.lang.reflect.Constructor.newInstance(Constructor.java:480)
at org.codehaus.groovy.reflection.CachedConstructor.invoke(CachedConstructor.java:73)
at org.codehaus.groovy.runtime.callsite.ConstructorSite$ConstructorSiteNoUnwrapNoCoerce.callConstructor(ConstructorSite.java:108)
at org.codehaus.groovy.runtime.callsite.CallSiteArray.defaultCallConstructor(CallSiteArray.java:57)
at org.codehaus.groovy.runtime.callsite.AbstractCallSite.callConstructor(AbstractCallSite.java:263)
at org.codehaus.groovy.runtime.callsite.AbstractCallSite.callConstructor(AbstractCallSite.java:277)
at io.restassured.internal.ResponseSpecificationImpl$HamcrestAssertionClosure.validate(ResponseSpecificationImpl.groovy:512)
at io.restassured.internal.ResponseSpecificationImpl$HamcrestAssertionClosure$validate$1.call(Unknown Source)
at io.restassured.internal.ResponseSpecificationImpl.validateResponseIfRequired(ResponseSpecificationImpl.groovy:696)
at io.restassured.internal.ResponseSpecificationImpl.this$2$validateResponseIfRequired(ResponseSpecificationImpl.groovy)
at java.base/jdk.internal.reflect.NativeMethodAccessorImpl.invoke0(Native Method)
at java.base/jdk.internal.reflect.NativeMethodAccessorImpl.invoke(NativeMethodAccessorImpl.java:77)
at java.base/jdk.internal.reflect.DelegatingMethodAccessorImpl.invoke(DelegatingMethodAccessorImpl.java:43)
at java.base/java.lang.reflect.Method.invoke(Method.java:568)
at org.codehaus.groovy.runtime.callsite.PlainObjectMetaMethodSite.doInvoke(PlainObjectMetaMethodSite.java:43)
at org.codehaus.groovy.runtime.callsite.PogoMetaMethodSite$PogoCachedMethodSiteNoUnwrapNoCoerce.invoke(PogoMetaMethodSite.java:198)
at org.codehaus.groovy.runtime.callsite.PogoMetaMethodSite.callCurrent(PogoMetaMethodSite.java:62)
at org.codehaus.groovy.runtime.callsite.CallSiteArray.defaultCallCurrent(CallSiteArray.java:49)
at org.codehaus.groovy.runtime.callsite.AbstractCallSite.callCurrent(AbstractCallSite.java:171)
at org.codehaus.groovy.runtime.callsite.AbstractCallSite.callCurrent(AbstractCallSite.java:185)
at io.restassured.internal.ResponseSpecificationImpl.body(ResponseSpecificationImpl.groovy:107)
at io.restassured.internal.ValidatableResponseOptionsImpl.body(ValidatableResponseOptionsImpl.java:238)
at com.restassured.practice.requestheaders.JsonSchemaValidation.jsonSchemaValidationExample(JsonSchemaValidation.java:16)
at java.base/jdk.internal.reflect.NativeMethodAccessorImpl.invoke0(Native Method)
at java.base/jdk.internal.reflect.NativeMethodAccessorImpl.invoke(NativeMethodAccessorImpl.java:77)
at java.base/jdk.internal.reflect.DelegatingMethodAccessorImpl.invoke(DelegatingMethodAccessorImpl.java:43)
at java.base/java.lang.reflect.Method.invoke(Method.java:568)
at org.testng.internal.invokers.MethodInvocationHelper.invokeMethod(MethodInvocationHelper.java:135)
at org.testng.internal.invokers.TestInvoker.invokeMethod(TestInvoker.java:673)
at org.testng.internal.invokers.TestInvoker.invokeTestMethod(TestInvoker.java:220)
at org.testng.internal.invokers.MethodRunner.runInSequence(MethodRunner.java:50)
at org.testng.internal.invokers.TestInvoker$MethodInvocationAgent.invoke(TestInvoker.java:945)
at org.testng.internal.invokers.TestInvoker.invokeTestMethods(TestInvoker.java:193)
at org.testng.internal.invokers.TestMethodWorker.invokeTestMethods(TestMethodWorker.java:146)
at org.testng.internal.invokers.TestMethodWorker.run(TestMethodWorker.java:128)
at java.base/java.util.ArrayList.forEach(ArrayList.java:1511)
at org.testng.TestRunner.privateRun(TestRunner.java:808)
at org.testng.TestRunner.run(TestRunner.java:603)
at org.testng.SuiteRunner.runTest(SuiteRunner.java:429)
at org.testng.SuiteRunner.runSequentially(SuiteRunner.java:423)
at org.testng.SuiteRunner.privateRun(SuiteRunner.java:383)
at org.testng.SuiteRunner.run(SuiteRunner.java:326)
at org.testng.SuiteRunnerWorker.runSuite(SuiteRunnerWorker.java:52)
at org.testng.SuiteRunnerWorker.run(SuiteRunnerWorker.java:95)
at org.testng.TestNG.runSuitesSequentially(TestNG.java:1249)
at org.testng.TestNG.runSuitesLocally(TestNG.java:1169)
at org.testng.TestNG.runSuites(TestNG.java:1092)
at org.testng.TestNG.run(TestNG.java:1060)
at org.testng.remote.AbstractRemoteTestNG.run(AbstractRemoteTestNG.java:115)
at org.testng.remote.RemoteTestNG.initAndRun(RemoteTestNG.java:251)
at org.testng.remote.RemoteTestNG.main(RemoteTestNG.java:77)
]]>
    </failure>
  </testcase> <!-- jsonSchemaValidationExample -->
  <system-out/>
</testsuite> <!-- com.restassured.practice.requestheaders.JsonSchemaValidation -->
