<?xml version="1.0" encoding="UTF-8"?>
<!-- Generated by org.testng.reporters.JUnitReportReporter -->
<testsuite hostname="DESKTOP-RR73ETU" failures="0" tests="2" name="com.restassured.practice.requestheaders.ResponseSpecificationExample" time="6.641" errors="0" timestamp="2024-02-01T22:00:27 IST" skipped="0">
  <testcase classname="com.restassured.practice.requestheaders.ResponseSpecificationExample" name="validateStatusCode" time="0.903"/>
  <system-out/>
  <testcase classname="com.restassured.practice.requestheaders.ResponseSpecificationExample" name="validateResponseBody" time="5.738"/>
  <system-out/>
</testsuite> <!-- com.restassured.practice.requestheaders.ResponseSpecificationExample -->
