<?xml version="1.0" encoding="UTF-8"?>
<!-- Generated by org.testng.reporters.JUnitReportReporter -->
<testsuite hostname="DESKTOP-RR73ETU" failures="0" tests="1" name="com.graphql.practice.GraphQLDemo" time="3.395" errors="0" timestamp="2024-04-16T21:26:47 IST" skipped="0">
  <testcase classname="com.graphql.practice.GraphQLDemo" name="createLocationEpisodeCharacter" time="3.395"/>
  <system-out/>
</testsuite> <!-- com.graphql.practice.GraphQLDemo -->
