<?xml version="1.0" encoding="UTF-8"?>
<!-- Generated by org.testng.reporters.JUnitReportReporter -->
<testsuite hostname="DESKTOP-RR73ETU" failures="0" tests="5" name="com.practice.JiraApi.CreateIssue" time="3.826" errors="0" timestamp="2024-04-08T14:50:44 IST" skipped="4">
  <testcase classname="com.practice.JiraApi.CreateIssue" name="addingCommentsUsingPathAndSessionFilter" time="3.826"/>
  <system-out/>
  <testcase classname="com.practice.JiraApi.CreateIssue" name="addingBugComments">
    <skipped/>
  </testcase> <!-- addingBugComments -->
  <system-out/>
  <testcase classname="com.practice.JiraApi.CreateIssue" name="loginJira">
    <skipped/>
  </testcase> <!-- loginJira -->
  <system-out/>
  <testcase classname="com.practice.JiraApi.CreateIssue" name="getJiraIssue">
    <skipped/>
  </testcase> <!-- getJiraIssue -->
  <system-out/>
  <testcase classname="com.practice.JiraApi.CreateIssue" name="createJiraIssue">
    <skipped/>
  </testcase> <!-- createJiraIssue -->
  <system-out/>
</testsuite> <!-- com.practice.JiraApi.CreateIssue -->
