<?xml version="1.0" encoding="UTF-8"?>
<!-- Generated by org.testng.reporters.JUnitReportReporter -->
<testsuite hostname="DESKTOP-RR73ETU" failures="0" tests="2" name="com.restassured.practice.requestheaders.FiltersExample" time="3.380" errors="0" timestamp="2024-02-27T21:29:12 IST" skipped="0">
  <testcase classname="com.restassured.practice.requestheaders.FiltersExample" name="filtersExampleInConsole" time="2.420"/>
  <system-out/>
  <testcase classname="com.restassured.practice.requestheaders.FiltersExample" name="printLogsInFile" time="0.960"/>
  <system-out/>
</testsuite> <!-- com.restassured.practice.requestheaders.FiltersExample -->
