<?xml version="1.0" encoding="UTF-8"?>
<!-- Generated by org.testng.reporters.JUnitReportReporter -->
<testsuite hostname="DESKTOP-RR73ETU" failures="0" tests="1" name="com.graphql.practice.QueryEpisode" time="4.492" errors="0" timestamp="2024-04-16T21:43:36 IST" skipped="0">
  <testcase classname="com.graphql.practice.QueryEpisode" name="QueryEpisodeExample" time="4.492"/>
  <system-out/>
</testsuite> <!-- com.graphql.practice.QueryEpisode -->
