<?xml version="1.0" encoding="UTF-8"?>
<!-- Generated by org.testng.reporters.JUnitReportReporter -->
<testsuite hostname="DESKTOP-RR73ETU" failures="0" tests="1" name="OAuthSampleExample.OAuthSample" time="5.538" errors="0" timestamp="2024-04-17T19:33:36 IST" skipped="0">
  <testcase classname="OAuthSampleExample.OAuthSample" name="generateAccessTokenAndAccessRSACourse" time="5.538"/>
  <system-out/>
</testsuite> <!-- OAuthSampleExample.OAuthSample -->
