<?xml version="1.0" encoding="UTF-8"?>
<!-- Generated by org.testng.reporters.JUnitReportReporter -->
<testsuite hostname="DESKTOP-RR73ETU" failures="0" tests="1" name="com.restassured.practice.requestheaders.SimplePojoTest" time="2.325" errors="0" timestamp="2024-03-01T12:15:35 IST" skipped="0">
  <testcase classname="com.restassured.practice.requestheaders.SimplePojoTest" name="deserailizeExample" time="2.325"/>
  <system-out/>
</testsuite> <!-- com.restassured.practice.requestheaders.SimplePojoTest -->
