<?xml version="1.0" encoding="UTF-8"?>
<!-- Generated by org.testng.reporters.JUnitReportReporter -->
<testsuite hostname="DESKTOP-RR73ETU" failures="0" tests="1" name="com.restassured.practice.requestheaders.PostExampleInBDDComplexJsonArray" time="3.441" errors="0" timestamp="2024-02-08T18:05:02 IST" skipped="0">
  <testcase classname="com.restassured.practice.requestheaders.PostExampleInBDDComplexJsonArray" name="vaidatePostReqPayloadForComplexJson" time="3.441"/>
  <system-out/>
</testsuite> <!-- com.restassured.practice.requestheaders.PostExampleInBDDComplexJsonArray -->
