<?xml version="1.0" encoding="UTF-8"?>
<!-- Generated by org.testng.reporters.JUnitReportReporter -->
<testsuite hostname="DESKTOP-RR73ETU" failures="0" tests="1" name="com.practice.RsaEcommerceApi.LoginWebsite" time="9.535" errors="0" timestamp="2024-04-10T21:25:52 IST" skipped="0">
  <testcase classname="com.practice.RsaEcommerceApi.LoginWebsite" name="loginEcommerce" time="9.535"/>
  <system-out/>
</testsuite> <!-- com.practice.RsaEcommerceApi.LoginWebsite -->
