<?xml version="1.0" encoding="UTF-8"?>
<!-- Generated by org.testng.reporters.JUnitReportReporter -->
<testsuite hostname="DESKTOP-RR73ETU" failures="0" tests="1" name="com.restassured.practice.requestheaders.PostExampleInBDDWithJsonFile" time="8.821" errors="0" timestamp="2024-02-06T23:34:30 IST" skipped="0">
  <testcase classname="com.restassured.practice.requestheaders.PostExampleInBDDWithJsonFile" name="vaidatePostReqAsMap" time="8.821"/>
  <system-out/>
</testsuite> <!-- com.restassured.practice.requestheaders.PostExampleInBDDWithJsonFile -->
