<?xml version="1.0" encoding="UTF-8"?>
<!-- Generated by org.testng.reporters.JUnitReportReporter -->
<testsuite hostname="DESKTOP-RR73ETU" failures="0" tests="1" name="com.restassured.practice.requestheaders.ListToJsonArayExampe" time="6.124" errors="0" timestamp="2024-02-16T00:36:12 IST" skipped="0">
  <testcase classname="com.restassured.practice.requestheaders.ListToJsonArayExampe" name="ListToJsonArrayExample" time="6.124"/>
  <system-out/>
</testsuite> <!-- com.restassured.practice.requestheaders.ListToJsonArayExampe -->
